[INFO] Scanning for projects...
[INFO] 
[INFO] --------------------< com.example:platform-backend >--------------------
[INFO] Building platform-backend 0.0.1-SNAPSHOT
[INFO] --------------------------------[ jar ]---------------------------------
[INFO] 
[INFO] --- maven-clean-plugin:3.5.0:clean (default-clean) @ platform-backend ---
[INFO] Deleting D:\AI_Powered_Drawing_Recognition_Platform\backend\platform-backend\target
[INFO] 
[INFO] --- maven-resources-plugin:3.3.1:resources (default-resources) @ platform-backend ---
[INFO] Copying 1 resource from src\main\resources to target\classes
[INFO] Copying 0 resource from src\main\resources to target\classes
[INFO] 
[INFO] --- maven-compiler-plugin:3.14.1:compile (default-compile) @ platform-backend ---
[INFO] Recompiling the module because of changed source code.
[INFO] Compiling 17 source files with javac [debug parameters release 17] to target\classes
[INFO] /D:/AI_Powered_Drawing_Recognition_Platform/backend/platform-backend/src/main/java/com/example/demo/FileController.java: D:\AI_Powered_Drawing_Recognition_Platform\backend\platform-backend\src\main\java\com\example\demo\FileController.java uses unchecked or unsafe operations.
[INFO] /D:/AI_Powered_Drawing_Recognition_Platform/backend/platform-backend/src/main/java/com/example/demo/FileController.java: Recompile with -Xlint:unchecked for details.
[INFO] -------------------------------------------------------------
[ERROR] COMPILATION ERROR : 
[INFO] -------------------------------------------------------------
[ERROR] /D:/AI_Powered_Drawing_Recognition_Platform/backend/platform-backend/src/main/java/com/example/demo/FileController.java:[15,38] package com.fasterxml.jackson.databind does not exist
[ERROR] /D:/AI_Powered_Drawing_Recognition_Platform/backend/platform-backend/src/main/java/com/example/demo/FileController.java:[16,39] package com.fasterxml.jackson.core.type does not exist
[ERROR] /D:/AI_Powered_Drawing_Recognition_Platform/backend/platform-backend/src/main/java/com/example/demo/FileController.java:[33,19] cannot find symbol
  symbol:   class ObjectMapper
  location: class com.example.demo.FileController
[ERROR] /D:/AI_Powered_Drawing_Recognition_Platform/backend/platform-backend/src/main/java/com/example/demo/FileController.java:[45,6] cannot find symbol
  symbol:   class PostMapping
  location: class com.example.demo.FileController
[ERROR] /D:/AI_Powered_Drawing_Recognition_Platform/backend/platform-backend/src/main/java/com/example/demo/FileController.java:[97,6] cannot find symbol
  symbol:   class PostMapping
  location: class com.example.demo.FileController
[ERROR] /D:/AI_Powered_Drawing_Recognition_Platform/backend/platform-backend/src/main/java/com/example/demo/FileController.java:[227,6] cannot find symbol
  symbol:   class PostMapping
  location: class com.example.demo.FileController
[ERROR] /D:/AI_Powered_Drawing_Recognition_Platform/backend/platform-backend/src/main/java/com/example/demo/FileController.java:[33,51] cannot find symbol
  symbol:   class ObjectMapper
  location: class com.example.demo.FileController
[ERROR] /D:/AI_Powered_Drawing_Recognition_Platform/backend/platform-backend/src/main/java/com/example/demo/FileController.java:[63,27] cannot find symbol
  symbol:   variable StringUtils
  location: class com.example.demo.FileController
[ERROR] /D:/AI_Powered_Drawing_Recognition_Platform/backend/platform-backend/src/main/java/com/example/demo/FileController.java:[264,33] cannot find symbol
  symbol:   class TypeReference
  location: class com.example.demo.FileController
[INFO] 9 errors 
[INFO] -------------------------------------------------------------
[INFO] ------------------------------------------------------------------------
[INFO] BUILD FAILURE
[INFO] ------------------------------------------------------------------------
[INFO] Total time:  2.453 s
[INFO] Finished at: 2026-01-20T11:58:04+09:00
[INFO] ------------------------------------------------------------------------
[ERROR] Failed to execute goal org.apache.maven.plugins:maven-compiler-plugin:3.14.1:compile (default-compile) on project platform-backend: Compilation failure: Compilation failure: 
[ERROR] /D:/AI_Powered_Drawing_Recognition_Platform/backend/platform-backend/src/main/java/com/example/demo/FileController.java:[15,38] package com.fasterxml.jackson.databind does not exist
[ERROR] /D:/AI_Powered_Drawing_Recognition_Platform/backend/platform-backend/src/main/java/com/example/demo/FileController.java:[16,39] package com.fasterxml.jackson.core.type does not exist
[ERROR] /D:/AI_Powered_Drawing_Recognition_Platform/backend/platform-backend/src/main/java/com/example/demo/FileController.java:[33,19] cannot find symbol
[ERROR]   symbol:   class ObjectMapper
[ERROR]   location: class com.example.demo.FileController
[ERROR] /D:/AI_Powered_Drawing_Recognition_Platform/backend/platform-backend/src/main/java/com/example/demo/FileController.java:[45,6] cannot find symbol
[ERROR]   symbol:   class PostMapping
[ERROR]   location: class com.example.demo.FileController
[ERROR] /D:/AI_Powered_Drawing_Recognition_Platform/backend/platform-backend/src/main/java/com/example/demo/FileController.java:[97,6] cannot find symbol
[ERROR]   symbol:   class PostMapping
[ERROR]   location: class com.example.demo.FileController
[ERROR] /D:/AI_Powered_Drawing_Recognition_Platform/backend/platform-backend/src/main/java/com/example/demo/FileController.java:[227,6] cannot find symbol
[ERROR]   symbol:   class PostMapping
[ERROR]   location: class com.example.demo.FileController
[ERROR] /D:/AI_Powered_Drawing_Recognition_Platform/backend/platform-backend/src/main/java/com/example/demo/FileController.java:[33,51] cannot find symbol
[ERROR]   symbol:   class ObjectMapper
[ERROR]   location: class com.example.demo.FileController
[ERROR] /D:/AI_Powered_Drawing_Recognition_Platform/backend/platform-backend/src/main/java/com/example/demo/FileController.java:[63,27] cannot find symbol
[ERROR]   symbol:   variable StringUtils
[ERROR]   location: class com.example.demo.FileController
[ERROR] /D:/AI_Powered_Drawing_Recognition_Platform/backend/platform-backend/src/main/java/com/example/demo/FileController.java:[264,33] cannot find symbol
[ERROR]   symbol:   class TypeReference
[ERROR]   location: class com.example.demo.FileController
[ERROR] -> [Help 1]
[ERROR] 
[ERROR] To see the full stack trace of the errors, re-run Maven with the -e switch.
[ERROR] Re-run Maven using the -X switch to enable full debug logging.
[ERROR] 
[ERROR] For more information about the errors and possible solutions, please read the following articles:
[ERROR] [Help 1] http://cwiki.apache.org/confluence/display/MAVEN/MojoFailureException
